<?xml version="1.0" encoding="UTF-8"?>
<!-- Generated by org.testng.reporters.JUnitReportReporter -->
<testsuite hostname="LAPTOP-0PK9O9D1" failures="0" tests="1" name="advanceSelenium.asserts.CreateCamapignUsingHardAssert" time="51.457" errors="0" timestamp="2025-07-23T17:17:55 IST" skipped="0">
  <testcase classname="advanceSelenium.asserts.CreateCamapignUsingHardAssert" name="createCampaign" time="51.457"/>
</testsuite> <!-- advanceSelenium.asserts.CreateCamapignUsingHardAssert -->
