<?xml version="1.0" encoding="UTF-8"?>
<!-- Generated by org.testng.reporters.JUnitReportReporter -->
<testsuite hostname="LAPTOP-0PK9O9D1" failures="0" tests="1" name="advanceSelenium.configAnnotation.CreateLeadPageTest" time="17.741" errors="0" timestamp="2025-07-30T11:24:14 IST" skipped="0">
  <testcase classname="advanceSelenium.configAnnotation.CreateLeadPageTest" name="createLeadtest" time="17.741"/>
</testsuite> <!-- advanceSelenium.configAnnotation.CreateLeadPageTest -->
