<?xml version="1.0" encoding="UTF-8"?>
<!-- Generated by org.testng.reporters.JUnitReportReporter -->
<testsuite hostname="LAPTOP-0PK9O9D1" failures="0" tests="1" name="advanceSelenium.xmlfile.SCM_LoginUsingXMLFile" time="23.025" errors="0" timestamp="2025-07-11T13:28:16 IST" skipped="0">
  <testcase classname="advanceSelenium.xmlfile.SCM_LoginUsingXMLFile" name="logintest" time="23.025"/>
</testsuite> <!-- advanceSelenium.xmlfile.SCM_LoginUsingXMLFile -->
