<?xml version="1.0" encoding="UTF-8"?>
<!-- Generated by org.testng.reporters.JUnitReportReporter -->
<testsuite hostname="LAPTOP-0PK9O9D1" failures="0" tests="1" name="advanceSelenium.screenshots.ScreenshotTest" time="38.780" errors="0" timestamp="2025-07-24T11:55:42 IST" skipped="0">
  <testcase classname="advanceSelenium.screenshots.ScreenshotTest" name="screenshottest" time="38.780"/>
</testsuite> <!-- advanceSelenium.screenshots.ScreenshotTest -->
