<?xml version="1.0" encoding="UTF-8"?>
<!-- Generated by org.testng.reporters.JUnitReportReporter -->
<testsuite hostname="LAPTOP-0PK9O9D1" failures="0" tests="1" name="advanceSelenium.advancereporting.AttachScreenshot" time="18.995" errors="0" timestamp="2025-07-29T17:23:14 IST" skipped="0">
  <testcase classname="advanceSelenium.advancereporting.AttachScreenshot" name="HomePagetest" time="18.995"/>
</testsuite> <!-- advanceSelenium.advancereporting.AttachScreenshot -->
