<?xml version="1.0" encoding="UTF-8"?>
<!-- Generated by org.testng.reporters.JUnitReportReporter -->
<testsuite hostname="LAPTOP-0PK9O9D1" failures="0" tests="2" name="advanceSelenium.testNG.CreateCampaignUsingDataProvider" time="27.898" errors="0" timestamp="2025-07-23T18:19:26 IST" skipped="0">
  <testcase classname="advanceSelenium.testNG.CreateCampaignUsingDataProvider" name="createCampaigntest" time="14.674"/>
  <testcase classname="advanceSelenium.testNG.CreateCampaignUsingDataProvider" name="createCampaigntest" time="13.224"/>
</testsuite> <!-- advanceSelenium.testNG.CreateCampaignUsingDataProvider -->
