<?xml version="1.0" encoding="UTF-8"?>
<!-- Generated by org.testng.reporters.JUnitReportReporter -->
<testsuite hostname="LAPTOP-0PK9O9D1" failures="0" tests="1" name="advanceSelenium.jsonfile.SCM_LoginUsingJSON" time="26.878" errors="0" timestamp="2025-07-11T12:28:08 IST" skipped="0">
  <testcase classname="advanceSelenium.jsonfile.SCM_LoginUsingJSON" name="logintest" time="26.878"/>
</testsuite> <!-- advanceSelenium.jsonfile.SCM_LoginUsingJSON -->
