<?xml version="1.0" encoding="UTF-8"?>
<!-- Generated by org.testng.reporters.JUnitReportReporter -->
<testsuite hostname="LAPTOP-0PK9O9D1" failures="0" tests="8" name="advanceSelenium.testNG.SampleTest" time="0.044" errors="0" timestamp="2025-07-21T12:35:03 IST" skipped="1">
  <testcase classname="advanceSelenium.testNG.SampleTest" name="createContacttest" time="0.018"/>
  <testcase classname="advanceSelenium.testNG.SampleTest" name="modifyContacttest" time="0.003"/>
  <testcase classname="advanceSelenium.testNG.SampleTest" name="modifyContacttest" time="0.004"/>
  <testcase classname="advanceSelenium.testNG.SampleTest" name="modifyContacttest" time="0.007"/>
  <testcase classname="advanceSelenium.testNG.SampleTest" name="modifyContacttest" time="0.005"/>
  <testcase classname="advanceSelenium.testNG.SampleTest" name="modifyContacttest" time="0.003"/>
  <testcase classname="advanceSelenium.testNG.SampleTest" name="logintest" time="0.004"/>
  <testcase classname="advanceSelenium.testNG.SampleTest" name="deleteContacttest">
    <skipped/>
  </testcase> <!-- deleteContacttest -->
</testsuite> <!-- advanceSelenium.testNG.SampleTest -->
