<?xml version="1.0" encoding="UTF-8"?>
<!-- Generated by org.testng.reporters.JUnitReportReporter -->
<testsuite hostname="LAPTOP-0PK9O9D1" failures="0" tests="1" name="advanceSelenium.advancereporting.SampleTest" time="1.245" errors="0" timestamp="2025-07-29T17:27:47 IST" skipped="0">
  <testcase classname="advanceSelenium.advancereporting.SampleTest" name="createContactTest" time="1.245"/>
</testsuite> <!-- advanceSelenium.advancereporting.SampleTest -->
