<?xml version="1.0" encoding="UTF-8"?>
<!-- Generated by org.testng.reporters.JUnitReportReporter -->
<testsuite hostname="LAPTOP-0PK9O9D1" failures="0" tests="1" name="advanceSelenium.screenshots.FullPageScreenshot" time="12.103" errors="0" timestamp="2025-07-24T11:38:10 IST" skipped="0">
  <testcase classname="advanceSelenium.screenshots.FullPageScreenshot" name="fullpagescreenshottest" time="12.103"/>
</testsuite> <!-- advanceSelenium.screenshots.FullPageScreenshot -->
