<?xml version="1.0" encoding="UTF-8"?>
<!-- Generated by org.testng.reporters.JUnitReportReporter -->
<testsuite hostname="LAPTOP-0PK9O9D1" failures="0" tests="1" name="advanceSelenium.genericutility.CreateCampaign" time="26.639" errors="0" timestamp="2025-07-16T11:13:02 IST" skipped="0">
  <testcase classname="advanceSelenium.genericutility.CreateCampaign" name="createCampaign" time="26.639"/>
</testsuite> <!-- advanceSelenium.genericutility.CreateCampaign -->
